<?xml version="1.0" encoding="UTF-8"?>
<!-- Generated by org.testng.reporters.JUnitReportReporter -->
<testsuite skipped="0" hostname="User-PC" name="trial.Demo3Test" tests="1" failures="0" timestamp="15 Mar 2022 09:16:35 GMT" time="0.023" errors="0">
  <testcase name="demo3Test" time="0.023" classname="trial.Demo3Test"/>
</testsuite> <!-- trial.Demo3Test -->
